<?xml version="1.0" encoding="UTF-8"?>
<testng-results skipped="0" failed="0" total="1" passed="1">
  <reporter-output>
  </reporter-output>
  <suite name="Suite" duration-ms="12429" started-at="2018-02-18T08:41:24Z" finished-at="2018-02-18T08:41:37Z">
    <groups>
    </groups>
    <test name="Test" duration-ms="12429" started-at="2018-02-18T08:41:24Z" finished-at="2018-02-18T08:41:37Z">
      <class name="myMavenProject.JenkinsTestChrome">
        <test-method status="PASS" signature="verifyTitle()[pri:0, instance:myMavenProject.JenkinsTestChrome@23ceabc1]" name="verifyTitle" duration-ms="12405" started-at="2018-02-18T14:11:24Z" finished-at="2018-02-18T14:11:37Z">
          <reporter-output>
          </reporter-output>
        </test-method> <!-- verifyTitle -->
      </class> <!-- myMavenProject.JenkinsTestChrome -->
    </test> <!-- Test -->
  </suite> <!-- Suite -->
</testng-results>
